<?xml version="1.0" encoding="UTF-8"?>
<!-- Generated by org.testng.reporters.JUnitReportReporter -->
<testsuite skipped="0" hostname="DESKTOP-KZ" name="tests.LoginTest" tests="1" failures="0" timestamp="2021-11-30T18:58:41 EST" time="3.530" errors="0">
  <testcase name="test01" time="3.530" classname="tests.LoginTest"/>
  <system-out/>
</testsuite> <!-- tests.LoginTest -->
